<?xml version="1.0" encoding="UTF-8"?>
<robot generator="Robot 6.0.1 (Python 3.11.0 on darwin)" generated="20221113 17:45:46.040" rpa="false" schemaversion="3">
<suite id="s1" name="Google" source="/Users/admin/PycharmProjects/TestToDoList/TestSuite/ToDoList/Google.robot">
<test id="s1-t1" name="Verify basic functionality for Google" line="23">
<kw name="Open Browser" library="SeleniumLibrary">
<arg>${URL}</arg>
<arg>${Browser}</arg>
<doc>Opens a new browser instance to the optional ``url``.</doc>
<msg timestamp="20221113 17:45:46.166" level="INFO">Opening browser 'chrome' to base url 'https://abhigyank.github.io/To-Do-List/'.</msg>
<status status="PASS" starttime="20221113 17:45:46.165" endtime="20221113 17:45:52.997"/>
</kw>
<kw name="Set Selenium Speed" library="SeleniumLibrary">
<arg>${DELAY}</arg>
<doc>Sets the delay that is waited after each Selenium command.</doc>
<status status="PASS" starttime="20221113 17:45:52.998" endtime="20221113 17:45:52.998"/>
</kw>
<kw name="Title Should Be" library="SeleniumLibrary">
<arg>To-Do List</arg>
<doc>Verifies that the current page title equals ``title``.</doc>
<msg timestamp="20221113 17:45:53.535" level="INFO">Page title is 'To-Do List'.</msg>
<status status="PASS" starttime="20221113 17:45:52.998" endtime="20221113 17:45:53.536"/>
</kw>
<kw name="Input Text" library="SeleniumLibrary">
<arg>${AddItemInput}</arg>
<arg>${AdditemName2}</arg>
<arg>${iconAdd}</arg>
<doc>Types the given ``text`` into the text field identified by ``locator``.</doc>
<msg timestamp="20221113 17:45:53.537" level="INFO">Typing text 'Task Number 2' into text field '//*[@id="new-task"]'.</msg>
<status status="PASS" starttime="20221113 17:45:53.536" endtime="20221113 17:45:55.511"/>
</kw>
<kw name="Press Keys" library="SeleniumLibrary">
<arg>${iconAdd}</arg>
<arg>[Return]</arg>
<doc>Simulates the user pressing key(s) to an element or on the active browser.</doc>
<msg timestamp="20221113 17:45:55.512" level="INFO">Sending key(s) ('[Return]',) to //*[@id="add-item"]/button element.</msg>
<msg timestamp="20221113 17:45:56.972" level="INFO">Sending keys [Return]</msg>
<status status="PASS" starttime="20221113 17:45:55.511" endtime="20221113 17:45:57.505"/>
</kw>
<kw name="Input Text" library="SeleniumLibrary">
<arg>${AddItemInput}</arg>
<arg>${AdditemName3}</arg>
<arg>${iconAdd}</arg>
<doc>Types the given ``text`` into the text field identified by ``locator``.</doc>
<msg timestamp="20221113 17:45:57.509" level="INFO">Typing text 'Task Number 3' into text field '//*[@id="new-task"]'.</msg>
<status status="PASS" starttime="20221113 17:45:57.506" endtime="20221113 17:45:59.108"/>
</kw>
<kw name="Press Keys" library="SeleniumLibrary">
<arg>${iconAdd}</arg>
<arg>[Return]</arg>
<doc>Simulates the user pressing key(s) to an element or on the active browser.</doc>
<msg timestamp="20221113 17:45:59.112" level="INFO">Sending key(s) ('[Return]',) to //*[@id="add-item"]/button element.</msg>
<msg timestamp="20221113 17:46:00.476" level="INFO">Sending keys [Return]</msg>
<status status="PASS" starttime="20221113 17:45:59.109" endtime="20221113 17:46:00.994"/>
</kw>
<kw name="Input Text" library="SeleniumLibrary">
<arg>${AddItemInput}</arg>
<arg>${AdditemName4}</arg>
<arg>${iconAdd}</arg>
<doc>Types the given ``text`` into the text field identified by ``locator``.</doc>
<msg timestamp="20221113 17:46:00.995" level="INFO">Typing text 'Task Number 4' into text field '//*[@id="new-task"]'.</msg>
<status status="PASS" starttime="20221113 17:46:00.995" endtime="20221113 17:46:02.573"/>
</kw>
<kw name="Press Keys" library="SeleniumLibrary">
<arg>${iconAdd}</arg>
<arg>[Return]</arg>
<doc>Simulates the user pressing key(s) to an element or on the active browser.</doc>
<msg timestamp="20221113 17:46:02.577" level="INFO">Sending key(s) ('[Return]',) to //*[@id="add-item"]/button element.</msg>
<msg timestamp="20221113 17:46:03.872" level="INFO">Sending keys [Return]</msg>
<status status="PASS" starttime="20221113 17:46:02.574" endtime="20221113 17:46:04.388"/>
</kw>
<kw name="Set Selenium Speed" library="SeleniumLibrary">
<arg>${DELAY}</arg>
<doc>Sets the delay that is waited after each Selenium command.</doc>
<status status="PASS" starttime="20221113 17:46:04.389" endtime="20221113 17:46:04.389"/>
</kw>
<kw name="Click Element" library="SeleniumLibrary">
<arg>${ToDoTaskButton}</arg>
<doc>Click the element identified by ``locator``.</doc>
<msg timestamp="20221113 17:46:04.390" level="INFO">Clicking element 'xpath://a[@href='#todo']'.</msg>
<status status="PASS" starttime="20221113 17:46:04.389" endtime="20221113 17:46:05.696"/>
</kw>
<kw name="Click Element" library="SeleniumLibrary">
<arg>${CheckBoxToDoTask}</arg>
<doc>Click the element identified by ``locator``.</doc>
<msg timestamp="20221113 17:46:05.696" level="INFO">Clicking element '//*[@id="incomplete-tasks"]/li/label/span[4]'.</msg>
<status status="PASS" starttime="20221113 17:46:05.696" endtime="20221113 17:46:06.861"/>
</kw>
<kw name="Click Element" library="SeleniumLibrary">
<arg>${DeleteToDoTask}</arg>
<doc>Click the element identified by ``locator``.</doc>
<msg timestamp="20221113 17:46:06.862" level="INFO">Clicking element '//*[@id="1"]/span'.</msg>
<status status="PASS" starttime="20221113 17:46:06.861" endtime="20221113 17:46:07.922"/>
</kw>
<kw name="Click Element" library="SeleniumLibrary">
<arg>${CompletedButton}</arg>
<doc>Click the element identified by ``locator``.</doc>
<msg timestamp="20221113 17:46:07.923" level="INFO">Clicking element 'xpath://a[@href='#completed']'.</msg>
<status status="PASS" starttime="20221113 17:46:07.922" endtime="20221113 17:46:08.996"/>
</kw>
<kw name="Close Browser" library="SeleniumLibrary">
<doc>Closes the current browser.</doc>
<status status="PASS" starttime="20221113 17:46:08.997" endtime="20221113 17:46:10.585"/>
</kw>
<doc>This test case</doc>
<tag>Functional</tag>
<status status="PASS" starttime="20221113 17:45:46.165" endtime="20221113 17:46:10.586"/>
</test>
<doc>Basic Search Functionality</doc>
<status status="PASS" starttime="20221113 17:45:46.041" endtime="20221113 17:46:10.588"/>
</suite>
<statistics>
<total>
<stat pass="1" fail="0" skip="0">All Tests</stat>
</total>
<tag>
<stat pass="1" fail="0" skip="0">Functional</stat>
</tag>
<suite>
<stat pass="1" fail="0" skip="0" id="s1" name="Google">Google</stat>
</suite>
</statistics>
<errors>
</errors>
</robot>
